<?xml version="1.0" encoding="UTF-8"?>
<testng-results total="2" passed="2" failed="0" skipped="0">
  <reporter-output>
  </reporter-output>
  <suite started-at="2022-03-16T14:57:40Z" name="Default suite" finished-at="2022-03-16T14:57:58Z" duration-ms="18666">
    <groups>
    </groups>
    <test started-at="2022-03-16T14:57:40Z" name="Default test" finished-at="2022-03-16T14:57:58Z" duration-ms="18666">
      <class name="RestTest.ECommerceUsers">
        <test-method signature="signup()[pri:0, instance:RestTest.ECommerceUsers@75d2da2d]" started-at="2022-03-16T20:27:40Z" name="signup" finished-at="2022-03-16T20:27:54Z" duration-ms="14654" status="PASS">
          <reporter-output>
          </reporter-output>
        </test-method> <!-- signup -->
        <test-method signature="Login()[pri:1, instance:RestTest.ECommerceUsers@75d2da2d]" started-at="2022-03-16T20:27:54Z" name="Login" finished-at="2022-03-16T20:27:58Z" duration-ms="3950" status="PASS">
          <reporter-output>
          </reporter-output>
        </test-method> <!-- Login -->
      </class> <!-- RestTest.ECommerceUsers -->
    </test> <!-- Default test -->
  </suite> <!-- Default suite -->
</testng-results>
